Case #1:
GGG
CCC
JJJ
Case #2:
CODE
CODE
JJAM
Case #3:
CA
KE
Case #4:
DCBB
FJHH
EGIA
Case #5:
GDBH
EIAF
CCJJ
Case #6:
EFF
DDD
CCC
AAB
Case #7:
ABC
DDD
EEE
Case #8:
AAAA
AAAA
EDBC
Case #9:
IAED
GBCF
HHHH
Case #10:
DB
CA
Case #11:
DBF
EEE
CCC
AAA
Case #12:
ABCD
ABCD
ABCD
Case #13:
AA
BB
CC
DD
EE
FF
Case #14:
CCCC
DDDD
BEEA
Case #15:
A
A
B
B
C
C
D
D
E
E
F
F
Case #16:
CB
AA
Case #17:
CCC
DDD
AAA
BFE
Case #18:
BBB
BBB
DDF
CEA
Case #19:
EEA
EEA
CDD
FFB
Case #20:
BBBB
AAAA
Case #21:
EEEA
CCCC
BDDD
Case #22:
CDD
BBB
FFA
EEE
Case #23:
CJA
FBK
LGD
HEI
Case #24:
GDI
BLK
CAJ
HFE
Case #25:
JGEI
DABK
FFCH
Case #26:
AAA
AAA
Case #27:
BBB
AAA
EED
FFC
Case #28:
AAE
CFD
GGB
GGB
Case #29:
BFEE
DCAA
GHHH
Case #30:
GGF
BHC
KAD
IJE
Case #31:
AAAE
CCCD
BBBB
Case #32:
EAAA
EAAA
CDBB
Case #33:
AAAA
FFFB
CCED
Case #34:
AAAA
BBBB
CCCC
Case #35:
EEEA
CCCC
BBBD
Case #36:
BBB
AFF
HGG
DCE
Case #37:
CCCB
DDDD
AAAE
Case #38:
CCB
AAA
Case #39:
BA
Case #40:
AAAA
BBBB
CCCC
Case #41:
DFB
ECA
Case #42:
AABBCC
DDDEEF
Case #43:
GGG
FEE
DBI
CHA
Case #44:
AABBCCDDEEFF
Case #45:
EEE
FBG
CDH
IAA
Case #46:
CCCC
DDDA
BBBE
Case #47:
ADD
BBB
CCE
Case #48:
DHEE
CGAB
FIII
Case #49:
BCA
Case #50:
BA
BA
Case #51:
EHGK
AIBD
CCFJ
Case #52:
BBBB
FAAA
DECC
Case #53:
ABD
EGF
CHH
III
Case #54:
A
B
Case #55:
AA
AA
Case #56:
EEE
ACB
DDD
FFF
Case #57:
DDB
AAA
FFF
CEE
Case #58:
AA
AA
AA
BB
Case #59:
EEEE
BBBC
DDDA
Case #60:
A
Case #61:
BBEE
AAAA
CCCD
Case #62:
JIBE
AGHC
FFDD
Case #63:
HIFA
EDGC
BJLK
Case #64:
BBB
DFF
CCC
EEA
Case #65:
AAA
BBB
Case #66:
ACCC
EEEE
BBDF
Case #67:
BBBE
CCCD
AAAA
Case #68:
CEA
DBB
Case #69:
IHBL
KEDG
FAJC
Case #70:
GCB
FDE
AAA
AAA
Case #71:
BDD
AFE
CCC
CCC
Case #72:
GIHH
DFBC
EAAA
Case #73:
CCBB
EEEA
DDDD
Case #74:
CCJ
BDF
GKH
EAI
Case #75:
AAAA
BBBB
CCCC
Case #76:
FBB
FBB
CDD
EEA
Case #77:
ABCD
ABCD
ABCD
Case #78:
AAA
Case #79:
CC
CC
AA
ED
BB
BB
Case #80:
CCJJ
CCJJ
CCJJ
Case #81:
AAB
CCC
DDE
FFF
Case #82:
A
A
Case #83:
AA
Case #84:
ACD
BBB
Case #85:
BAA
Case #86:
CEI
GAH
DFB
DFB
Case #87:
AABB
CCCD
EEFF
Case #88:
FFB
EEE
AAA
DDC
Case #89:
DDC
AAA
FFF
BBE
Case #90:
BBEE
CCCD
AAAA
Case #91:
BCCC
AADD
EEEE
Case #92:
AAAA
BBBB
CCCC
Case #93:
EBB
ADD
CCC
CCC
Case #94:
FDBH
CEAA
GGGG
Case #95:
AEB
FJC
KIH
LGD
Case #96:
BBB
EEA
FFC
DDD
Case #97:
EDA
EDA
FFB
CCC
Case #98:
AAB
CCC
DDD
EEF
Case #99:
ABCD
ABCD
ABCD
Case #100:
CCCC
DDDA
EEEB
